++++++++++++++++++++++++++++++++++++++++++++++++++++++++++++++
++++++++++++++++++++++++++++++++++++++++++++++++++++++++++++++
++++++++++++++++++++++++++++++++++++++++++++++++++++++++++++++
++++++++++++++++++++++++++++++++++++++++++++++++++++++++++++++
++++++++++++++++++++++++++++++++++++++++++++++++++++++++++++++
++++++++++++++++++++++++++++++++++++++++++++++++++++++++++++++
++++++++++++++++++++++++++++++++++++++++++++++++++++++++++++++
Sending 5 bytes of Config Parameters Request data
F0 0F 01 00 F7 

Received 63 bytes of normal Config Parameters Dump Data data:
F0 0F 01 02 00 00 02 03 02 00 0E 01 00 04 00 00 
02 02 00 0A 00 00 00 03 00 00 00 00 0E 00 00 00 
01 00 00 00 00 00 0F 0F 0F 0E 00 00 00 00 01 00 
00 00 0F 0F 01 00 00 00 00 00 00 02 00 00 F7 

Sending 5 bytes of Lower Program Dump Request data
F0 0F 01 03 F7 

Sending 5 bytes of Upper Program Dump Request data
F0 0F 01 13 F7 

Transmitting (sampleselect) 7 bytes of Select Lower Wavesample data
F0 0F 01 01 15 7F F7 

Sending 7 bytes of Select Lower Wavesample data
F0 0F 01 01 15 7F F7 

Received 6 bytes of debug Program Status Message data:
F0 0F 01 07 00 F7 

Sending 7 bytes of Command Code data
F0 0F 01 01 01 7F F7 

Received 6 bytes of debug Wavesample Status Message data:
F0 0F 01 08 00 F7 

Sending 5 bytes of Wave Dump Request data
F0 0F 01 04 F7 

Sending 5 bytes of Wavesample acknowledge data
F0 0F 01 09 F7 

sizeof WaveSample structure: 65665
++++++++++++++++++++++++++++++++++++++++++++++++++++++++++++++
++++++++++++++++++++++++++++++++++++++++++++++++++++++++++++++
++++++++++++++++++++++++++++++++++++++++++++++++++++++++++++++
++++++++++++++++++++++++++++++++++++++++++++++++++++++++++++++
++++++++++++++++++++++++++++++++++++++++++++++++++++++++++++++
++++++++++++++++++++++++++++++++++++++++++++++++++++++++++++++
++++++++++++++++++++++++++++++++++++++++++++++++++++++++++++++
++++++++++++++++++++++++++++++++++++++++++++++++++++++++++++++
++++++++++++++++++++++++++++++++++++++++++++++++++++++++++++++
++++++++++++++++++++++++++++++++++++++++++++++++++++++++++++++
++++++++++++++++++++++++++++++++++++++++++++++++++++++++++++++
++++++++++++++++++++++++++++++++++++++++++++++++++++++++++++++
++++++++++++++++++++++++++++++++++++++++++++++++++++++++++++++
++++++++++++++++++++++++++++++++++++++++++++++++++++++++++++++
++++++++++++++++++++++++++++++++++++++++++++++++++++++++++++++
++++++++++++++++++++++++++++++++++++++++++++++++++++++++++++++
++++++++++++++++++++++++++++++++++++++++++++++++++++++++++++++
++++++++++++++++++++++++++++++++++++++++++++++++++++++++++++++
++++++++++++++++++++++++++++++++++++++++++++++++++++++++++++++
++++++++++++++++++++++++++++++++++++++++++++++++++++++++++++++
++++++++++++++++++++++++++++++++++++++++++++++++++++++++++++++
++++++++++++++++++++++++++++++++++++++++++++++++++++++++++++++
++++++++++++++++++++++++++++++++++++++++++++++++++++++++++++++
Sending 5 bytes of Config Parameters Request data
F0 0F 01 00 F7 

Sending 5 bytes of Config Parameters Request data
F0 0F 01 00 F7 

Received 63 bytes of normal Config Parameters Dump Data data:
F0 0F 01 02 00 00 02 03 02 00 0E 01 00 04 00 00 
02 02 00 0A 00 00 00 03 00 00 00 00 0E 00 00 00 
01 00 00 00 00 00 0F 0F 0F 0E 00 00 00 00 01 00 
00 00 0F 0F 01 00 00 00 00 00 00 02 00 00 F7 

Sending 5 bytes of Lower Program Dump Request data
F0 0F 01 03 F7 

Sending 5 bytes of Upper Program Dump Request data
F0 0F 01 13 F7 

Transmitting (sampleselect) 7 bytes of Select Lower Wavesample data
F0 0F 01 01 15 7F F7 

Sending 7 bytes of Select Lower Wavesample data
F0 0F 01 01 15 7F F7 

Received 6 bytes of debug Program Status Message data:
F0 0F 01 07 00 F7 

Sending 7 bytes of Command Code data
F0 0F 01 01 01 7F F7 

Received 6 bytes of debug Wavesample Status Message data:
F0 0F 01 08 00 F7 

Sending 5 bytes of Wave Dump Request data
F0 0F 01 04 F7 

Sending 5 bytes of Wavesample acknowledge data
F0 0F 01 09 F7 

sizeof WaveSample structure: 65665
Sending 5 bytes of Config Parameters Request data
F0 0F 01 00 F7 

Received 63 bytes of normal Config Parameters Dump Data data:
F0 0F 01 02 00 00 02 03 02 00 0E 01 00 04 00 00 
02 02 00 0A 00 00 00 03 00 00 00 00 0E 00 00 00 
01 00 00 00 00 00 0F 0F 0F 0E 00 00 00 00 01 00 
00 00 0F 0F 01 00 00 00 00 00 00 02 00 00 F7 

Sending 5 bytes of Lower Program Dump Request data
F0 0F 01 03 F7 

Sending 5 bytes of Upper Program Dump Request data
F0 0F 01 13 F7 

Transmitting (sampleselect) 7 bytes of Select Lower Wavesample data
F0 0F 01 01 15 7F F7 

Sending 7 bytes of Select Lower Wavesample data
F0 0F 01 01 15 7F F7 

Received 6 bytes of debug Program Status Message data:
F0 0F 01 07 00 F7 

Sending 7 bytes of Command Code data
F0 0F 01 01 02 7F F7 

Received 6 bytes of debug Wavesample Status Message data:
F0 0F 01 08 01 F7 

Sending 5 bytes of Wave Dump Request data
F0 0F 01 04 F7 

Sending 5 bytes of Wavesample acknowledge data
F0 0F 01 09 F7 

sizeof WaveSample structure: 65665
++++++++++++++++++++++++++++++++++++++++++++++++++++++++++++++
++++++++++++++++++++++++++++++++++++++++++++++++++++++++++++++
++++++++++++++++++++++++++++++++++++++++++++++++++++++++++++++
++++++++++++++++++++++++++++++++++++++++++++++++++++++++++++++
++++++++++++++++++++++++++++++++++++++++++++++++++++++++++++++
++++++++++++++++++++++++++++++++++++++++++++++++++++++++++++++
++++++++++++++++++++++++++++++++++++++++++++++++++++++++++++++
++++++++++++++++++++++++++++++++++++++++++++++++++++++++++++++
++++++++++++++++++++++++++++++++++++++++++++++++++++++++++++++
++++++++++++++++++++++++++++++++++++++++++++++++++++++++++++++
++++++++++++++++++++++++++++++++++++++++++++++++++++++++++++++
++++++++++++++++++++++++++++++++++++++++++++++++++++++++++++++
